<?xml version="1.0" encoding="UTF-8"?>
<!-- Generated by org.testng.reporters.JUnitReportReporter -->
<testsuite hostname="DESKTOP-FAP3MIT" failures="0" tests="4" name="com.practicetestautomation.tests.login.LoginTests" time="28.333" errors="0" timestamp="2025-05-21T07:19:05 EST" skipped="0">
  <testcase classname="com.practicetestautomation.tests.login.LoginTests" name="negativeLoginTest" time="6.993"/>
  <testcase classname="com.practicetestautomation.tests.login.LoginTests" name="testLoginFuncionality" time="5.680"/>
  <testcase classname="com.practicetestautomation.tests.login.LoginTests" name="testLoginFuncionality" time="8.810"/>
  <testcase classname="com.practicetestautomation.tests.login.LoginTests" name="negativeLoginTest" time="6.850"/>
</testsuite> <!-- com.practicetestautomation.tests.login.LoginTests -->
